<?xml version="1.0" encoding="UTF-8"?>
<!-- Generated by org.testng.reporters.JUnitXMLReporter -->
<testsuite hostname="DESKTOP-C6N2AGF" ignored="0" name="Test" tests="2" failures="0" timestamp="25 Aug 2021 05:46:35 GMT" time="124.804" errors="0">
  <testcase name="CreatingOrganizationWithRatingTypeTestNGTest" time="79.678" classname="com.vtiger.airtel.CreatingOrganizationWithRatingTypeTestNGTest"/>
  <testcase name="CreatingOrganizationWithRatingTypeTestNGTest1" time="45.081" classname="com.vtiger.airtel.CreatingOrganizationWithRatingTypeTestNGTest"/>
</testsuite> <!-- Test -->
